===============================================================
Gobuster v3.1.0
by OJ Reeves (@TheColonial) & Christian Mehlmauer (@firefart)
===============================================================
[+] Url:                     http://10.10.53.195:8080/dev/
[+] Method:                  GET
[+] Threads:                 10
[+] Wordlist:                /opt/Seclists/Discovery/Web-Content/common.txt
[+] Negative Status codes:   404
[+] User Agent:              gobuster/3.1.0
[+] Extensions:              php,txt
[+] Timeout:                 10s
===============================================================
2022/02/19 09:32:31 Starting gobuster in directory enumeration mode
===============================================================
/.hta.txt             (Status: 403) [Size: 279]
/.hta                 (Status: 403) [Size: 279]
/.hta.php             (Status: 403) [Size: 279]
/.htaccess.php        (Status: 403) [Size: 279]
/.htpasswd            (Status: 403) [Size: 279]
/.htaccess.txt        (Status: 403) [Size: 279]
/.htaccess            (Status: 403) [Size: 279]
/.htpasswd.txt        (Status: 403) [Size: 279]
/.htpasswd.php        (Status: 403) [Size: 279]
/note.txt             (Status: 200) [Size: 45] 
                                               
===============================================================
2022/02/19 09:37:53 Finished
===============================================================
